Drill report for C:\Users\USUARIO\Documents\GitHub\PCBS_2_LUZBIN\2_Manager_Outputs\2_Manager_Outputs.kicad_pcb
Created on 05/10/2017 8:54:36

Copper Layer Stackup:
    =============================================================
    L1 :  F.Cu                      front
    L2 :  B.Cu                      back


Drill file '2_Manager_Outputs.drl' contains
    plated through holes:
    =============================================================
    T1  0,40mm  0,016"  (564 holes)
    T2  0,50mm  0,020"  (46 holes)
    T3  0,76mm  0,030"  (330 holes)
    T4  1,02mm  0,040"  (87 holes)
    T5  1,80mm  0,071"  (8 holes)
    T6  3,20mm  0,126"  (4 holes)

    Total plated holes count 1039


Drill file '2_Manager_Outputs-NPTH.drl' contains
    unplated through holes:
    =============================================================

    Total unplated holes count 0
